[debug] [2022-07-18T08:41:59.426Z] ----------------------------------------------------------------------
[debug] [2022-07-18T08:41:59.427Z] Command:       C:\Apps\Node js\node.exe C:\Users\LENOVO\AppData\Roaming\npm\node_modules\firebase-tools\lib\bin\firebase.js deploy --only hosting
[debug] [2022-07-18T08:41:59.428Z] CLI Version:   11.2.2
[debug] [2022-07-18T08:41:59.428Z] Platform:      win32
[debug] [2022-07-18T08:41:59.428Z] Node Version:  v16.15.0
[debug] [2022-07-18T08:41:59.428Z] Time:          Mon Jul 18 2022 14:41:59 GMT+0600 (Киргизия)
[debug] [2022-07-18T08:41:59.429Z] ----------------------------------------------------------------------
[debug] 
[debug] [2022-07-18T08:41:59.474Z] > command requires scopes: ["email","openid","https://www.googleapis.com/auth/cloudplatformprojects.readonly","https://www.googleapis.com/auth/firebase","https://www.googleapis.com/auth/cloud-platform"]
[debug] [2022-07-18T08:41:59.474Z] > authorizing via signed-in user (gamerlex2004@gmail.com)
[debug] [2022-07-18T08:41:59.474Z] [iam] checking project babylon-3efa3 for permissions ["firebase.projects.get","firebasehosting.sites.update"]
[debug] [2022-07-18T08:41:59.476Z] >>> [apiv2][query] POST https://cloudresourcemanager.googleapis.com/v1/projects/babylon-3efa3:testIamPermissions [none]
[debug] [2022-07-18T08:41:59.476Z] >>> [apiv2][body] POST https://cloudresourcemanager.googleapis.com/v1/projects/babylon-3efa3:testIamPermissions {"permissions":["firebase.projects.get","firebasehosting.sites.update"]}
[debug] [2022-07-18T08:42:00.803Z] <<< [apiv2][status] POST https://cloudresourcemanager.googleapis.com/v1/projects/babylon-3efa3:testIamPermissions 200
[debug] [2022-07-18T08:42:00.803Z] <<< [apiv2][body] POST https://cloudresourcemanager.googleapis.com/v1/projects/babylon-3efa3:testIamPermissions {"permissions":["firebase.projects.get","firebasehosting.sites.update"]}
[debug] [2022-07-18T08:42:00.805Z] >>> [apiv2][query] GET https://firebase.googleapis.com/v1beta1/projects/babylon-3efa3 [none]
[debug] [2022-07-18T08:42:01.460Z] <<< [apiv2][status] GET https://firebase.googleapis.com/v1beta1/projects/babylon-3efa3 200
[debug] [2022-07-18T08:42:01.460Z] <<< [apiv2][body] GET https://firebase.googleapis.com/v1beta1/projects/babylon-3efa3 {"projectId":"babylon-3efa3","projectNumber":"889941728916","displayName":"babylon","name":"projects/babylon-3efa3","resources":{"hostingSite":"babylon-3efa3"},"state":"ACTIVE"}
[info] 
[info] === Deploying to 'babylon-3efa3'...
[info] 
[info] i  deploying hosting 
[debug] [2022-07-18T08:42:01.467Z] >>> [apiv2][query] GET https://firebase.googleapis.com/v1beta1/projects/babylon-3efa3 [none]
[debug] [2022-07-18T08:42:02.228Z] <<< [apiv2][status] GET https://firebase.googleapis.com/v1beta1/projects/babylon-3efa3 200
[debug] [2022-07-18T08:42:02.229Z] <<< [apiv2][body] GET https://firebase.googleapis.com/v1beta1/projects/babylon-3efa3 {"projectId":"babylon-3efa3","projectNumber":"889941728916","displayName":"babylon","name":"projects/babylon-3efa3","resources":{"hostingSite":"babylon-3efa3"},"state":"ACTIVE"}
[debug] [2022-07-18T08:42:02.236Z] >>> [apiv2][query] POST https://firebasehosting.googleapis.com/v1beta1/projects/889941728916/sites/babylon-3efa3/versions [none]
[debug] [2022-07-18T08:42:02.236Z] >>> [apiv2][body] POST https://firebasehosting.googleapis.com/v1beta1/projects/889941728916/sites/babylon-3efa3/versions {"config":{"rewrites":[{"glob":"**","path":"/index.html"}]},"labels":{"deployment-tool":"cli-firebase"}}
[debug] [2022-07-18T08:42:04.172Z] <<< [apiv2][status] POST https://firebasehosting.googleapis.com/v1beta1/projects/889941728916/sites/babylon-3efa3/versions 200
[debug] [2022-07-18T08:42:04.173Z] <<< [apiv2][body] POST https://firebasehosting.googleapis.com/v1beta1/projects/889941728916/sites/babylon-3efa3/versions {"name":"projects/889941728916/sites/babylon-3efa3/versions/90ee668be6128970","status":"CREATED","config":{"rewrites":[{"glob":"**","path":"/index.html"}]},"labels":{"deployment-tool":"cli-firebase"}}
[info] i  hosting[babylon-3efa3]: beginning deploy... 
[info] i  hosting[babylon-3efa3]: found 49 files in build 
[debug] [2022-07-18T08:42:04.200Z] [hosting] uploading with 200 concurrency
[debug] [2022-07-18T08:42:04.212Z] [hosting] hash cache [YnVpbGQ] stored for 49 files
[debug] [2022-07-18T08:42:04.212Z] [hosting][hash queue][FINAL] {"max":4,"min":0,"avg":0,"active":0,"complete":49,"success":49,"errored":0,"retried":0,"total":49,"elapsed":6}
[debug] [2022-07-18T08:42:04.213Z] >>> [apiv2][query] POST https://firebasehosting.googleapis.com/v1beta1/projects/889941728916/sites/babylon-3efa3/versions/90ee668be6128970:populateFiles [none]
[debug] [2022-07-18T08:42:04.213Z] >>> [apiv2][body] POST https://firebasehosting.googleapis.com/v1beta1/projects/889941728916/sites/babylon-3efa3/versions/90ee668be6128970:populateFiles {"files":{"/404.html":"daa499dd96d8229e73235345702ba32f0793f0c8e5c0d30e40e37a5872be57aa","/asset-manifest.json":"03234a6ce4c9e01cb991fe8e2067a468aa9b846bf9c6aae236a2bdcb9a5bbe61","/favicon.ico":"eae62e993eb980ec8a25058c39d5a51feab118bd2100c4deebb2a9c158ec11f9","/index.html":"826edf2913ffddeb68af273720c93349e671963892efe50f70473c034d14fef4","/logo192.png":"3ee59515172ee198f3be375979df15ac5345183e656720a381b8872b2a39dc8b","/logo512.png":"ee7e2f3fdb8209c4b6fd7bef6ba50d1b9dba30a25bb5c3126df057e1cb6f5331","/manifest.json":"aff3449bdc238776f5d6d967f19ec491b36aed5fb7f23ccff6500736fd58494a","/robots.txt":"bfe106a3fb878dc83461c86818bf74fc1bdc7f28538ba613cd3e775516ce8b49","/static/css/main.cb5836be.css":"152b2cd66d0a9e69d6c517d926cad68f2d62305d698c6efb26ec575bd0468d76","/static/css/main.cb5836be.css.map":"5d05569983c7e08833cdafc6d8d64c5ad0a025e5ef5f2cc04266a7356b6b4a24","/static/js/787.eb9511f0.chunk.js":"f89f82a621203ccd3583fa484f519b494fb0fa9716c863db3cbfd361076c6f0d","/static/js/787.eb9511f0.chunk.js.map":"6d71b4b38eca01fc828726e0aee8dfdceec65725c3e57ac1b274587b074ac645","/static/js/main.d5eec309.js":"719daa4ff6e2d39def0960c7381932e2e211d457e9c59d9697842af0e0788758","/static/js/main.d5eec309.js.LICENSE.txt":"7c746d80ea60c210d9f302281d9bbc63bcc99527539093fb5a1c369a30883e6f","/static/js/main.d5eec309.js.map":"6320ccb56ff6de67c95ff4ce540b76b2bf085579432aa19b43bc45cd60369443","/static/media/auth-bg.788f0e4aaaee2658865f.png":"96742682a625c9e723bbe8e4d1f2846b4e96ca70c48c4edc12f812bbaa138596","/static/media/auth-email.9929b9821cb9a13d18fb37c272f575c6.svg":"2276334a5be803bc23b9b00f54343aeadb9fc6ac13eebd324d92fe62676b4628","/static/media/auth-telega.ef81e14de79c5a822c63376bde060d08.svg":"19f9d3f190e066ae74e0f00473ccaff9e87a1975c34024993ac7c809a6ee8884","/static/media/auth-wall.2c2a44ca98dd134ec042.png":"bf5169b4a6bc028bf26c0fc056f304243ae3ad453455563eeaaab1caa7e80ff2","/static/media/burger-bg.b4b4ebd523f0ce3acddf.png":"b2ae0201b2bd8e2fc952fb9b836bbb11a1724b50857ab78c38b236a58b69a520","/static/media/camera.7cf71073af5ff742035ca335b13ef7bf.svg":"d59061957eecf16a06c888733ee6ec070b850da48d54e538484dbd30ff82c672","/static/media/clockpaper.b4315c51440278256e8bd6dde9b1e1b6.svg":"0a8904365562b9cfaefa12b539b2198b6cdf57f6af56c100cd462e0c25aef05e","/static/media/competition.640db2cf9ffc67d3c69402d9b5907611.svg":"c1d479ca768d2c8a7ce78e915782d88ce94be14ab6aface97a8377d51020d011","/static/media/emoji-laugh.39a9391d105da14766c59df1e32489ec.svg":"ad1efc508f7da02e05a5b8d32771be1bee985c044ff96bb522bfd83e0171543e","/static/media/facebook.699ea689859713e691e3cc17ed16d036.svg":"624337eaf6c505f7522e5afb7070dd2ce0e3d5924a947dafb6145dea108769cc","/static/media/gold.a4cd927897554eced6a925a200bc129f.svg":"e9031d05feb69dad99c74a39de333732da8f2494cd807ada58f7c247aa6da53b","/static/media/hix.892077ad59898e4e1b2ffb3d336734eb.svg":"39b8f012721edb99e162509cdcbca3bc2755c84f89a0aec8b3fb29a90984a6d3","/static/media/home.dcbb9836cb0bd42fa62b.png":"dbfbcf02267696af95edb79da47f34f18b9623ebf1fb2d752f8118b1f19b8343","/static/media/instagram.a338dcd36c0997de81980b58031bc81a.svg":"e9013bd5086f0a2e02e3e8dfd7d05bedca79c4028e6c5a4c32db27e37505fdcf","/static/media/logo.ae7bb83689a9db41750ef14747bda401.svg":"26a3712f2222674d5a4f15e4a0c43481866aa9123f4a1405169ac512a19f9179","/static/media/main_modal.86b4350139011da1d5b8.svg":"1277a1c4ed58cd9f50782e60f1148232dbfb02a71fc678ab507c74e54df4fcdf","/static/media/mobile-bg.8641bbce1890184f561c.png":"0097fa9e9c9361b695ec1dd433c00988b73a9ac4658271240a061c872be838aa","/static/media/modal.e7509192acf4f785ffcf.svg":"c59d12c10e59d0d376d9fd35ee4a37aac1adb694f06fdd717d8926acc69ba587","/static/media/person.0bb4d7478fb0a6a46e6badac77855f9c.svg":"97adeacb0aa42d9d7e7c416c32cd2a4eb8353fbd307f751635407e04daeb11e3","/static/media/personal-area-mobile-bg.4fd8b63536ed5a973631.svg":"5a55f292292c09d3dc574a67b27ddfa4ca743500247e091025db060ffba25ac3","/static/media/personal_area.8dd5f956ca3f21c7491b.png":"bf6e8e9ac9125dc3dd61c3dab71b8e737c2459980afd99f534791d81c1a62cc9","/static/media/prize-bg.9f4495962cf0d1b473ae.svg":"97dde098a30b8ef3cfbd6ed7584d5650acd19c80d47f68ca66f75b4c2326e966","/static/media/prizes_img.7e10b6630d19cf1a86116619444a46c8.svg":"c3bde24096b5f5fc57821ac5a136c4a1f8460f4c6a07b1385274f9d6b61cf910","/static/media/product.5b5f09180d98cb12f40768b1668b9fd4.svg":"ae9deb887558560dabab6d46b3ec15557e3179359fb64074b8c404182b299e68","/static/media/row.3e8f8cfa5216d2abe759.png":"6b5df4b6402d4ea18eb55b17584669213ae2f294aa63f446b8506a6c3466c3fa","/static/media/rubble.2a07da38e09776064c07946f9b5826bd.svg":"009b0c7488eb8e1b60051c97ca2da3b3d7d14f1c35ea2dbebccfe0ecdabaf9f9","/static/media/scroll.25a13dea07604242ef17.svg":"3675bebd4b106c36fdf231ea4b8246b18bc0ad817f4777e9ed8a5784097e4d9f","/static/media/second_perc.f885a758251c96579716e549b84bb1a7.svg":"0332866a45202828d0070217dfc6befdc2ac91b4502b9be1d7a0d46dbed618bd","/static/media/select.318d2a9284e0faaa9b6e43c261980a72.svg":"3c3f76b1ea8be6aeede1090e42c370eb7602c77830c965cbf8a780868818f295","/static/media/send.927c84a5c677008cfaca36cee79d54bb.svg":"be93427ba0d1a4215fad962674f55bf1de70ec4209647aec2e03ac2c9fbcbf60","/static/media/square.87fbc148efe4aa91d0d2.png":"3808181e37322909629a442396faeced3010c2647226950341e01fda9689fff7","/static/media/telegram.38747d8dd70f1ffff85ab3673267a7c2.svg":"8339179fb3ee32195be0faf2e9b6c4c89d7b9c42fbdea0fa1214db52ecc07dc4","/static/media/vk.135d450101f2adb8042d3effb99698a0.svg":"40e9fa9de09be9a221ef8afe08cac7bbea616bbccd53be35f643ce9e558a1fc9","/static/media/winners.bbb37a344e791b6ed9fcdd2265b49457.svg":"75663e6cad92c936e0dfc2582cb599ab39d4fc2f8db91fbfc6479a57ecdafafd"}}
[debug] [2022-07-18T08:42:05.912Z] <<< [apiv2][status] POST https://firebasehosting.googleapis.com/v1beta1/projects/889941728916/sites/babylon-3efa3/versions/90ee668be6128970:populateFiles 200
[debug] [2022-07-18T08:42:05.912Z] <<< [apiv2][body] POST https://firebasehosting.googleapis.com/v1beta1/projects/889941728916/sites/babylon-3efa3/versions/90ee668be6128970:populateFiles {"uploadRequiredHashes":["5a55f292292c09d3dc574a67b27ddfa4ca743500247e091025db060ffba25ac3","97dde098a30b8ef3cfbd6ed7584d5650acd19c80d47f68ca66f75b4c2326e966","6320ccb56ff6de67c95ff4ce540b76b2bf085579432aa19b43bc45cd60369443"],"uploadUrl":"https://upload-firebasehosting.googleapis.com/upload/sites/babylon-3efa3/versions/90ee668be6128970/files"}
[debug] [2022-07-18T08:42:05.914Z] >>> [apiv2][query] POST https://upload-firebasehosting.googleapis.com/upload/sites/babylon-3efa3/versions/90ee668be6128970/files/5a55f292292c09d3dc574a67b27ddfa4ca743500247e091025db060ffba25ac3 [none]
[debug] [2022-07-18T08:42:05.914Z] >>> [apiv2][body] POST https://upload-firebasehosting.googleapis.com/upload/sites/babylon-3efa3/versions/90ee668be6128970/files/5a55f292292c09d3dc574a67b27ddfa4ca743500247e091025db060ffba25ac3 [stream]
[debug] [2022-07-18T08:42:05.915Z] >>> [apiv2][query] POST https://upload-firebasehosting.googleapis.com/upload/sites/babylon-3efa3/versions/90ee668be6128970/files/97dde098a30b8ef3cfbd6ed7584d5650acd19c80d47f68ca66f75b4c2326e966 [none]
[debug] [2022-07-18T08:42:05.915Z] >>> [apiv2][body] POST https://upload-firebasehosting.googleapis.com/upload/sites/babylon-3efa3/versions/90ee668be6128970/files/97dde098a30b8ef3cfbd6ed7584d5650acd19c80d47f68ca66f75b4c2326e966 [stream]
[debug] [2022-07-18T08:42:05.916Z] >>> [apiv2][query] POST https://upload-firebasehosting.googleapis.com/upload/sites/babylon-3efa3/versions/90ee668be6128970/files/6320ccb56ff6de67c95ff4ce540b76b2bf085579432aa19b43bc45cd60369443 [none]
[debug] [2022-07-18T08:42:05.916Z] >>> [apiv2][body] POST https://upload-firebasehosting.googleapis.com/upload/sites/babylon-3efa3/versions/90ee668be6128970/files/6320ccb56ff6de67c95ff4ce540b76b2bf085579432aa19b43bc45cd60369443 [stream]
[debug] [2022-07-18T08:42:05.916Z] [hosting][populate queue][FINAL] {"max":1703,"min":1703,"avg":1703,"active":0,"complete":1,"success":1,"errored":0,"retried":0,"total":1,"elapsed":1705}
[debug] [2022-07-18T08:42:05.916Z] [hosting] uploads queued: 3
[debug] [2022-07-18T08:43:41.889Z] [uploadQueue] Retrying task 5a55f292292c09d3dc574a67b27ddfa4ca743500247e091025db060ffba25ac3
[debug] [2022-07-18T08:43:41.892Z] >>> [apiv2][query] POST https://upload-firebasehosting.googleapis.com/upload/sites/babylon-3efa3/versions/90ee668be6128970/files/5a55f292292c09d3dc574a67b27ddfa4ca743500247e091025db060ffba25ac3 [none]
[debug] [2022-07-18T08:43:41.892Z] >>> [apiv2][body] POST https://upload-firebasehosting.googleapis.com/upload/sites/babylon-3efa3/versions/90ee668be6128970/files/5a55f292292c09d3dc574a67b27ddfa4ca743500247e091025db060ffba25ac3 [stream]
[debug] [2022-07-18T08:43:41.921Z] [uploadQueue] Retrying task 97dde098a30b8ef3cfbd6ed7584d5650acd19c80d47f68ca66f75b4c2326e966
[debug] [2022-07-18T08:43:41.922Z] >>> [apiv2][query] POST https://upload-firebasehosting.googleapis.com/upload/sites/babylon-3efa3/versions/90ee668be6128970/files/97dde098a30b8ef3cfbd6ed7584d5650acd19c80d47f68ca66f75b4c2326e966 [none]
[debug] [2022-07-18T08:43:41.922Z] >>> [apiv2][body] POST https://upload-firebasehosting.googleapis.com/upload/sites/babylon-3efa3/versions/90ee668be6128970/files/97dde098a30b8ef3cfbd6ed7584d5650acd19c80d47f68ca66f75b4c2326e966 [stream]
